0 info it worked if it ends with ok
1 verbose cli [ 'C:\\Program Files\\nodejs\\node.exe',
1 verbose cli   'C:\\Program Files\\nodejs\\node_modules\\npm\\bin\\npm-cli.js',
1 verbose cli   'start' ]
2 info using npm@3.6.0
3 info using node@v5.7.0
4 verbose run-script [ 'prestart', 'start', 'poststart' ]
5 info lifecycle songbot@0.0.1~prestart: songbot@0.0.1
6 silly lifecycle songbot@0.0.1~prestart: no script for prestart, continuing
7 info lifecycle songbot@0.0.1~start: songbot@0.0.1
8 verbose lifecycle songbot@0.0.1~start: unsafe-perm in lifecycle true
9 verbose lifecycle songbot@0.0.1~start: PATH: C:\Program Files\nodejs\node_modules\npm\bin\node-gyp-bin;C:\Users\Ivan\Documents\NodeJS\songbot\node_modules\.bin;C:\Program Files\ConEmu;C:\Program Files\ConEmu\ConEmu;C:\Program Files (x86)\Intel\iCLS Client\;C:\Program Files\Intel\iCLS Client\;C:\Windows\system32;C:\Windows;C:\Windows\System32\Wbem;C:\Windows\System32\WindowsPowerShell\v1.0\;C:\Program Files (x86)\Skype\Phone\;C:\Program Files\Intel\Intel(R) Management Engine Components\DAL;C:\Program Files\Intel\Intel(R) Management Engine Components\IPT;C:\Program Files (x86)\Intel\Intel(R) Management Engine Components\DAL;C:\Program Files (x86)\Intel\Intel(R) Management Engine Components\IPT;C:\Program Files (x86)\NVIDIA Corporation\PhysX\Common;C:\Program Files\Git\cmd;C:\Program Files (x86)\Windows Kits\10\Windows Performance Toolkit\;C:\Program Files\nodejs\;C:\Program Files (x86)\Livestreamer;C:\Users\Ivan\AppData\Local\atom\bin;C:\Users\Ivan\AppData\Roaming\npm
10 verbose lifecycle songbot@0.0.1~start: CWD: C:\Users\Ivan\Documents\NodeJS\songbot
11 silly lifecycle songbot@0.0.1~start: Args: [ '/d /s /c', 'babel-node src/app.js' ]
12 silly lifecycle songbot@0.0.1~start: Returned: code: 1  signal: null
13 info lifecycle songbot@0.0.1~start: Failed to exec start script
14 verbose stack Error: songbot@0.0.1 start: `babel-node src/app.js`
14 verbose stack Exit status 1
14 verbose stack     at EventEmitter.<anonymous> (C:\Program Files\nodejs\node_modules\npm\lib\utils\lifecycle.js:232:16)
14 verbose stack     at emitTwo (events.js:100:13)
14 verbose stack     at EventEmitter.emit (events.js:185:7)
14 verbose stack     at ChildProcess.<anonymous> (C:\Program Files\nodejs\node_modules\npm\lib\utils\spawn.js:24:14)
14 verbose stack     at emitTwo (events.js:100:13)
14 verbose stack     at ChildProcess.emit (events.js:185:7)
14 verbose stack     at maybeClose (internal/child_process.js:827:16)
14 verbose stack     at Process.ChildProcess._handle.onexit (internal/child_process.js:211:5)
15 verbose pkgid songbot@0.0.1
16 verbose cwd C:\Users\Ivan\Documents\NodeJS\songbot
17 error Windows_NT 6.1.7601
18 error argv "C:\\Program Files\\nodejs\\node.exe" "C:\\Program Files\\nodejs\\node_modules\\npm\\bin\\npm-cli.js" "start"
19 error node v5.7.0
20 error npm  v3.6.0
21 error code ELIFECYCLE
22 error songbot@0.0.1 start: `babel-node src/app.js`
22 error Exit status 1
23 error Failed at the songbot@0.0.1 start script 'babel-node src/app.js'.
23 error Make sure you have the latest version of node.js and npm installed.
23 error If you do, this is most likely a problem with the songbot package,
23 error not with npm itself.
23 error Tell the author that this fails on your system:
23 error     babel-node src/app.js
23 error You can get information on how to open an issue for this project with:
23 error     npm bugs songbot
23 error Or if that isn't available, you can get their info via:
23 error     npm owner ls songbot
23 error There is likely additional logging output above.
24 verbose exit [ 1, true ]
